<?xml version="1.0" encoding="UTF-8"?>
<!-- Generated by org.testng.reporters.JUnitXMLReporter -->
<testsuite hostname="DESKTOP-N6F7F8A" ignored="0" name="Command line test" tests="1" failures="1" timestamp="2019-11-12T20:53:54 AEDT" time="0.055" errors="0">
  <testcase name="basicTest" time="0.0" classname="tests.TestClass">
    <failure type="org.testng.TestNGException" message="
Parameter &amp;apos;deviceName_&amp;apos; is required by @Test on method basicTest but has not been marked @Optional or defined
">
      <![CDATA[org.testng.TestNGException: 
Parameter 'deviceName_' is required by @Test on method basicTest but has not been marked @Optional or defined

at java.util.ArrayList.forEach(ArrayList.java:1257)
... Removed 35 stack frames]]>
    </failure>
  </testcase> <!-- basicTest -->
</testsuite> <!-- Command line test -->
